{"content": {"suites": {"0": {"status": {"total_pass": 1, "total_skip": 0, "total_xpass": 0, "total_xfail": 0, "total_rerun": 0, "total_fail": 2, "total_error": 0}, "tests": {"0": {"status": "PASS", "message": "", "test_name": "test_user_logs_in_with_correct_credentials", "rerun": "0"}, "1": {"status": "FAIL", "message": "   selenium.common.exceptions.NoSuchElementException: Message: no such element: Unable to locate element: {\"method\":\"css selector\",\"selector\":\".error-message\"}\n     (Session info: chrome=111.0.5563.146)\n   Stacktrace:\n   0   chromedriver                        0x00000001025951c0 chromedriver + 4248000\n   1   chromedriver                        0x0000000102515dc0 chromedriver + 3726784\n   2   chromedriver                        0x00000001021caec4 chromedriver + 274116\n   3   chromedriver                        0x0000000102206be4 chromedriver + 519140\n   4   chromedriver                        0x0000000102242054 chromedriver + 761940\n   5   chromedriver                        0x00000001021f9200 chromedriver + 463360\n   6   chromedriver                        0x00000001021fa318 chromedriver + 467736\n   7   chromedriver                        0x0000000102563060 chromedriver + 4042848\n   8   chromedriver                        0x00000001025678a4 chromedriver + 4061348\n   9   chromedriver                        0x000000010256f3d0 chromedriver + 4092880\n   10  chromedriver                        0x00000001025686e4 chromedriver + 4064996\n   11  chromedriver                        0x000000010253e0fc chromedriver + 3891452\n   12  chromedriver                        0x0000000102588a64 chromedriver + 4196964\n   13  chromedriver                        0x0000000102588bb8 chromedriver + 4197304\n   14  chromedriver                        0x000000010259c650 chromedriver + 4277840\n   15  libsystem_pthread.dylib             0x000000019c04bfa8 _pthread_start + 148\n   16  libsystem_pthread.dylib             0x000000019c046da0 thread_start + 8\n", "test_name": "test_user_logs_in_with_incorrect_credentials", "rerun": "0"}, "2": {"status": "FAIL", "message": "   selenium.common.exceptions.NoSuchElementException: Message: no such element: Unable to locate element: {\"method\":\"css selector\",\"selector\":\".product-item\"}\n     (Session info: chrome=111.0.5563.146)\n   Stacktrace:\n   0   chromedriver                        0x0000000102f091c0 chromedriver + 4248000\n   1   chromedriver                        0x0000000102e89dc0 chromedriver + 3726784\n   2   chromedriver                        0x0000000102b3eec4 chromedriver + 274116\n   3   chromedriver                        0x0000000102b7abe4 chromedriver + 519140\n   4   chromedriver                        0x0000000102bb6054 chromedriver + 761940\n   5   chromedriver                        0x0000000102b6d200 chromedriver + 463360\n   6   chromedriver                        0x0000000102b6e318 chromedriver + 467736\n   7   chromedriver                        0x0000000102ed7060 chromedriver + 4042848\n   8   chromedriver                        0x0000000102edb8a4 chromedriver + 4061348\n   9   chromedriver                        0x0000000102ee33d0 chromedriver + 4092880\n   10  chromedriver                        0x0000000102edc6e4 chromedriver + 4064996\n   11  chromedriver                        0x0000000102eb20fc chromedriver + 3891452\n   12  chromedriver                        0x0000000102efca64 chromedriver + 4196964\n   13  chromedriver                        0x0000000102efcbb8 chromedriver + 4197304\n   14  chromedriver                        0x0000000102f10650 chromedriver + 4277840\n   15  libsystem_pthread.dylib             0x000000019c04bfa8 _pthread_start + 148\n   16  libsystem_pthread.dylib             0x000000019c046da0 thread_start + 8\n", "test_name": "test_successful_checkout", "rerun": "0"}}, "suite_name": "tests/login.py"}}}, "date": "April 09, 2023", "start_time": 1681024552.366085, "total_suite": 1, "status": "FAIL", "status_list": {"pass": "1", "fail": "2", "skip": "0", "error": "0", "xpass": "0", "xfail": "0", "rerun": "0"}, "total_tests": "3"}